This is pdfTeX, Version 3.14159265-2.6-1.40.19 (TeX Live 2019/dev/Debian) (preloaded format=pdflatex 2019.6.29)  12 DEC 2019 05:55
entering extended mode
 restricted \write18 enabled.
 %&-line parsing enabled.
**main.tex
(./main.tex
LaTeX2e <2018-04-01> patch level 5
(/usr/share/texlive/texmf-dist/tex/latex/base/article.cls
Document Class: article 2014/09/29 v1.4h Standard LaTeX document class
(/usr/share/texlive/texmf-dist/tex/latex/base/size10.clo
File: size10.clo 2014/09/29 v1.4h Standard LaTeX file (size option)
)
\c@part=\count80
\c@section=\count81
\c@subsection=\count82
\c@subsubsection=\count83
\c@paragraph=\count84
\c@subparagraph=\count85
\c@figure=\count86
\c@table=\count87
\abovecaptionskip=\skip41
\belowcaptionskip=\skip42
\bibindent=\dimen102
) (./imports.tex
(/usr/share/texlive/texmf-dist/tex/latex/base/inputenc.sty
Package: inputenc 2018/04/06 v1.3b Input encoding file
\inpenc@prehook=\toks14
\inpenc@posthook=\toks15
)
(/usr/share/texlive/texmf-dist/tex/latex/amsmath/amsmath.sty
Package: amsmath 2017/09/02 v2.17a AMS math features
\@mathmargin=\skip43

For additional information on amsmath, use the `?' option.
(/usr/share/texlive/texmf-dist/tex/latex/amsmath/amstext.sty
Package: amstext 2000/06/29 v2.01 AMS text

(/usr/share/texlive/texmf-dist/tex/latex/amsmath/amsgen.sty
File: amsgen.sty 1999/11/30 v2.0 generic functions
\@emptytoks=\toks16
\ex@=\dimen103
))
(/usr/share/texlive/texmf-dist/tex/latex/amsmath/amsbsy.sty
Package: amsbsy 1999/11/29 v1.2d Bold Symbols
\pmbraise@=\dimen104
)
(/usr/share/texlive/texmf-dist/tex/latex/amsmath/amsopn.sty
Package: amsopn 2016/03/08 v2.02 operator names
)
\inf@bad=\count88
LaTeX Info: Redefining \frac on input line 213.
\uproot@=\count89
\leftroot@=\count90
LaTeX Info: Redefining \overline on input line 375.
\classnum@=\count91
\DOTSCASE@=\count92
LaTeX Info: Redefining \ldots on input line 472.
LaTeX Info: Redefining \dots on input line 475.
LaTeX Info: Redefining \cdots on input line 596.
\Mathstrutbox@=\box26
\strutbox@=\box27
\big@size=\dimen105
LaTeX Font Info:    Redeclaring font encoding OML on input line 712.
LaTeX Font Info:    Redeclaring font encoding OMS on input line 713.
\macc@depth=\count93
\c@MaxMatrixCols=\count94
\dotsspace@=\muskip10
\c@parentequation=\count95
\dspbrk@lvl=\count96
\tag@help=\toks17
\row@=\count97
\column@=\count98
\maxfields@=\count99
\andhelp@=\toks18
\eqnshift@=\dimen106
\alignsep@=\dimen107
\tagshift@=\dimen108
\tagwidth@=\dimen109
\totwidth@=\dimen110
\lineht@=\dimen111
\@envbody=\toks19
\multlinegap=\skip44
\multlinetaggap=\skip45
\mathdisplay@stack=\toks20
LaTeX Info: Redefining \[ on input line 2817.
LaTeX Info: Redefining \] on input line 2818.
)
(/usr/share/texlive/texmf-dist/tex/latex/amsfonts/amsfonts.sty
Package: amsfonts 2013/01/14 v3.01 Basic AMSFonts support
\symAMSa=\mathgroup4
\symAMSb=\mathgroup5
LaTeX Font Info:    Overwriting math alphabet `\mathfrak' in version `bold'
(Font)                  U/euf/m/n --> U/euf/b/n on input line 106.
)
(/usr/share/texlive/texmf-dist/tex/latex/amsfonts/amssymb.sty
Package: amssymb 2013/01/14 v3.01 AMS font symbols
)
(/usr/share/texlive/texmf-dist/tex/latex/datetime/datetime.sty
Package: datetime 2015/03/20 v2.60 Date Time Package

(/usr/share/texlive/texmf-dist/tex/latex/etoolbox/etoolbox.sty
Package: etoolbox 2018/08/19 v2.5f e-TeX tools for LaTeX (JAW)
\etb@tempcnta=\count100
)
(/usr/share/texlive/texmf-dist/tex/latex/fmtcount/fmtcount.sty
Package: fmtcount 2017/12/24 v3.05

(/usr/share/texlive/texmf-dist/tex/latex/base/ifthen.sty
Package: ifthen 2014/09/29 v1.1c Standard LaTeX ifthen package (DPC)
)
(/usr/share/texlive/texmf-dist/tex/latex/xkeyval/xkeyval.sty
Package: xkeyval 2014/12/03 v2.7a package option processing (HA)

(/usr/share/texlive/texmf-dist/tex/generic/xkeyval/xkeyval.tex
(/usr/share/texlive/texmf-dist/tex/generic/xkeyval/xkvutils.tex
\XKV@toks=\toks21
\XKV@tempa@toks=\toks22

(/usr/share/texlive/texmf-dist/tex/generic/xkeyval/keyval.tex))
\XKV@depth=\count101
File: xkeyval.tex 2014/12/03 v2.7a key=value parser (HA)
))
(/usr/share/texlive/texmf-dist/tex/latex/fmtcount/fcprefix.sty
Package: fcprefix 2012/09/28

(/usr/share/texlive/texmf-dist/tex/latex/fmtcount/fcnumparser.sty
Package: fcnumparser 2017/06/15
\fc@digit@counter=\count102
))
\c@padzeroesN=\count103
\fc@tmpcatcode=\count104
\@DT@modctr=\count105
\@ordinalctr=\count106
\@orgargctr=\count107
\@strctr=\count108
\@tmpstrctr=\count109
\@DT@loopN=\count110
\@DT@X=\count111
)
(/usr/share/texlive/texmf-dist/tex/latex/datetime/datetime-defaults.sty
Package: datetime-defaults 2013/09/10
)
\@day=\count112
\@month=\count113
\@year=\count114
\c@HOUR=\count115
\c@HOURXII=\count116
\c@MINUTE=\count117
\c@TOHOUR=\count118
\c@TOMINUTE=\count119
\c@SECOND=\count120
\currenthour=\count121
\currentminute=\count122
\currentsecond=\count123
Package datetime Info: No datetime.cfg file found, using default settings on in
put line 308.
\@dtctr=\count124
\dayofyear=\count125
\dayofweek=\count126
LaTeX Info: Redefining \today on input line 736.
\dt@a=\toks23
\dt@b=\toks24
)
(/usr/share/texlive/texmf-dist/tex/latex/geometry/geometry.sty
Package: geometry 2018/04/16 v5.8 Page Geometry

(/usr/share/texlive/texmf-dist/tex/generic/oberdiek/ifpdf.sty
Package: ifpdf 2017/03/15 v3.2 Provides the ifpdf switch
)
(/usr/share/texlive/texmf-dist/tex/generic/oberdiek/ifvtex.sty
Package: ifvtex 2016/05/16 v1.6 Detect VTeX and its facilities (HO)
Package ifvtex Info: VTeX not detected.
)
(/usr/share/texlive/texmf-dist/tex/generic/ifxetex/ifxetex.sty
Package: ifxetex 2010/09/12 v0.6 Provides ifxetex conditional
)
\Gm@cnth=\count127
\Gm@cntv=\count128
\c@Gm@tempcnt=\count129
\Gm@bindingoffset=\dimen112
\Gm@wd@mp=\dimen113
\Gm@odd@mp=\dimen114
\Gm@even@mp=\dimen115
\Gm@layoutwidth=\dimen116
\Gm@layoutheight=\dimen117
\Gm@layouthoffset=\dimen118
\Gm@layoutvoffset=\dimen119
\Gm@dimlist=\toks25
)
(/usr/share/texlive/texmf-dist/tex/latex/hyperref/hyperref.sty
Package: hyperref 2018/02/06 v6.86b Hypertext links for LaTeX

(/usr/share/texlive/texmf-dist/tex/generic/oberdiek/hobsub-hyperref.sty
Package: hobsub-hyperref 2016/05/16 v1.14 Bundle oberdiek, subset hyperref (HO)


(/usr/share/texlive/texmf-dist/tex/generic/oberdiek/hobsub-generic.sty
Package: hobsub-generic 2016/05/16 v1.14 Bundle oberdiek, subset generic (HO)
Package: hobsub 2016/05/16 v1.14 Construct package bundles (HO)
Package: infwarerr 2016/05/16 v1.4 Providing info/warning/error messages (HO)
Package: ltxcmds 2016/05/16 v1.23 LaTeX kernel commands for general use (HO)
Package: ifluatex 2016/05/16 v1.4 Provides the ifluatex switch (HO)
Package ifluatex Info: LuaTeX not detected.
Package hobsub Info: Skipping package `ifvtex' (already loaded).
Package: intcalc 2016/05/16 v1.2 Expandable calculations with integers (HO)
Package hobsub Info: Skipping package `ifpdf' (already loaded).
Package: etexcmds 2016/05/16 v1.6 Avoid name clashes with e-TeX commands (HO)
Package: kvsetkeys 2016/05/16 v1.17 Key value parser (HO)
Package: kvdefinekeys 2016/05/16 v1.4 Define keys (HO)
Package: pdftexcmds 2018/01/30 v0.27 Utility functions of pdfTeX for LuaTeX (HO
)
Package pdftexcmds Info: LuaTeX not detected.
Package pdftexcmds Info: \pdf@primitive is available.
Package pdftexcmds Info: \pdf@ifprimitive is available.
Package pdftexcmds Info: \pdfdraftmode found.
Package: pdfescape 2016/05/16 v1.14 Implements pdfTeX's escape features (HO)
Package: bigintcalc 2016/05/16 v1.4 Expandable calculations on big integers (HO
)
Package: bitset 2016/05/16 v1.2 Handle bit-vector datatype (HO)
Package: uniquecounter 2016/05/16 v1.3 Provide unlimited unique counter (HO)
)
Package hobsub Info: Skipping package `hobsub' (already loaded).
Package: letltxmacro 2016/05/16 v1.5 Let assignment for LaTeX macros (HO)
Package: hopatch 2016/05/16 v1.3 Wrapper for package hooks (HO)
Package: xcolor-patch 2016/05/16 xcolor patch
Package: atveryend 2016/05/16 v1.9 Hooks at the very end of document (HO)
Package: atbegshi 2016/06/09 v1.18 At begin shipout hook (HO)
Package: refcount 2016/05/16 v3.5 Data extraction from label references (HO)
Package: hycolor 2016/05/16 v1.8 Color options for hyperref/bookmark (HO)
)
(/usr/share/texlive/texmf-dist/tex/latex/oberdiek/auxhook.sty
Package: auxhook 2016/05/16 v1.4 Hooks for auxiliary files (HO)
)
(/usr/share/texlive/texmf-dist/tex/latex/oberdiek/kvoptions.sty
Package: kvoptions 2016/05/16 v3.12 Key value format for package options (HO)
)
\@linkdim=\dimen120
\Hy@linkcounter=\count130
\Hy@pagecounter=\count131

(/usr/share/texlive/texmf-dist/tex/latex/hyperref/pd1enc.def
File: pd1enc.def 2018/02/06 v6.86b Hyperref: PDFDocEncoding definition (HO)
Now handling font encoding PD1 ...
... no UTF-8 mapping file for font encoding PD1
)
\Hy@SavedSpaceFactor=\count132

(/usr/share/texlive/texmf-dist/tex/latex/latexconfig/hyperref.cfg
File: hyperref.cfg 2002/06/06 v1.2 hyperref configuration of TeXLive
)
Package hyperref Info: Hyper figures OFF on input line 4509.
Package hyperref Info: Link nesting OFF on input line 4514.
Package hyperref Info: Hyper index ON on input line 4517.
Package hyperref Info: Plain pages OFF on input line 4524.
Package hyperref Info: Backreferencing OFF on input line 4529.
Package hyperref Info: Implicit mode ON; LaTeX internals redefined.
Package hyperref Info: Bookmarks ON on input line 4762.
\c@Hy@tempcnt=\count133

(/usr/share/texlive/texmf-dist/tex/latex/url/url.sty
\Urlmuskip=\muskip11
Package: url 2013/09/16  ver 3.4  Verb mode for urls, etc.
)
LaTeX Info: Redefining \url on input line 5115.
\XeTeXLinkMargin=\dimen121
\Fld@menulength=\count134
\Field@Width=\dimen122
\Fld@charsize=\dimen123
Package hyperref Info: Hyper figures OFF on input line 6369.
Package hyperref Info: Link nesting OFF on input line 6374.
Package hyperref Info: Hyper index ON on input line 6377.
Package hyperref Info: backreferencing OFF on input line 6384.
Package hyperref Info: Link coloring OFF on input line 6389.
Package hyperref Info: Link coloring with OCG OFF on input line 6394.
Package hyperref Info: PDF/A mode OFF on input line 6399.
LaTeX Info: Redefining \ref on input line 6439.
LaTeX Info: Redefining \pageref on input line 6443.
\Hy@abspage=\count135
\c@Item=\count136
\c@Hfootnote=\count137
)
Package hyperref Info: Driver (autodetected): hpdftex.

(/usr/share/texlive/texmf-dist/tex/latex/hyperref/hpdftex.def
File: hpdftex.def 2018/02/06 v6.86b Hyperref driver for pdfTeX
\Fld@listcount=\count138
\c@bookmark@seq@number=\count139

(/usr/share/texlive/texmf-dist/tex/latex/oberdiek/rerunfilecheck.sty
Package: rerunfilecheck 2016/05/16 v1.8 Rerun checks for auxiliary files (HO)
Package uniquecounter Info: New unique counter `rerunfilecheck' on input line 2
82.
)
\Hy@SectionHShift=\skip46
)
(/usr/share/texlive/texmf-dist/tex/latex/amscls/amsthm.sty
Package: amsthm 2017/10/31 v2.20.4
\thm@style=\toks26
\thm@bodyfont=\toks27
\thm@headfont=\toks28
\thm@notefont=\toks29
\thm@headpunct=\toks30
\thm@preskip=\skip47
\thm@postskip=\skip48
\thm@headsep=\skip49
\dth@everypar=\toks31
)
\c@lem=\count140
\c@thm=\count141
\c@cor=\count142
\c@rem=\count143
\c@definition=\count144
\c@ter=\count145

(/usr/share/texlive/texmf-dist/tex/latex/graphics/graphicx.sty
Package: graphicx 2017/06/01 v1.1a Enhanced LaTeX Graphics (DPC,SPQR)

(/usr/share/texlive/texmf-dist/tex/latex/graphics/graphics.sty
Package: graphics 2017/06/25 v1.2c Standard LaTeX Graphics (DPC,SPQR)

(/usr/share/texlive/texmf-dist/tex/latex/graphics/trig.sty
Package: trig 2016/01/03 v1.10 sin cos tan (DPC)
)
(/usr/share/texlive/texmf-dist/tex/latex/graphics-cfg/graphics.cfg
File: graphics.cfg 2016/06/04 v1.11 sample graphics configuration
)
Package graphics Info: Driver file: pdftex.def on input line 99.

(/usr/share/texlive/texmf-dist/tex/latex/graphics-def/pdftex.def
File: pdftex.def 2018/01/08 v1.0l Graphics/color driver for pdftex
))
\Gin@req@height=\dimen124
\Gin@req@width=\dimen125
)
(/usr/share/texlive/texmf-dist/tex/latex/float/float.sty
Package: float 2001/11/08 v1.3d Float enhancements (AL)
\c@float@type=\count146
\float@exts=\toks32
\float@box=\box28
\@float@everytoks=\toks33
\@floatcapt=\box29
)
(/usr/share/texlive/texmf-dist/tex/latex/tools/tabularx.sty
Package: tabularx 2016/02/03 v2.11b `tabularx' package (DPC)

(/usr/share/texlive/texmf-dist/tex/latex/tools/array.sty
Package: array 2018/04/30 v2.4h Tabular extension package (FMi)
\col@sep=\dimen126
\ar@mcellbox=\box30
\extrarowheight=\dimen127
\NC@list=\toks34
\extratabsurround=\skip50
\backup@length=\skip51
\ar@cellbox=\box31
)
\TX@col@width=\dimen128
\TX@old@table=\dimen129
\TX@old@col=\dimen130
\TX@target=\dimen131
\TX@delta=\dimen132
\TX@cols=\count147
\TX@ftn=\toks35
)
(/usr/share/texlive/texmf-dist/tex/latex/caption/subcaption.sty
Package: subcaption 2018/05/01 v1.1-162 Sub-captions (AR)

(/usr/share/texlive/texmf-dist/tex/latex/caption/caption.sty
Package: caption 2018/05/01 v3.3-147 Customizing captions (AR)

(/usr/share/texlive/texmf-dist/tex/latex/caption/caption3.sty
Package: caption3 2018/05/27 v1.8a caption3 kernel (AR)
Package caption3 Info: TeX engine: e-TeX on input line 64.
\captionmargin=\dimen133
\captionmargin@=\dimen134
\captionwidth=\dimen135
\caption@tempdima=\dimen136
\caption@indent=\dimen137
\caption@parindent=\dimen138
\caption@hangindent=\dimen139
)
\c@ContinuedFloat=\count148
Package caption Info: float package is loaded.
Package caption Info: hyperref package is loaded.
)
\c@subfigure=\count149
\c@subtable=\count150
)
(/usr/share/texlive/texmf-dist/tex/latex/mwe/mwe.sty
Package: mwe 2018/03/30 v0.5 Package to support minimal working examples (MWE)

(/usr/share/texlive/texmf-dist/tex/latex/lipsum/lipsum.sty
Package: lipsum 2014/07/27 v1.3 150 paragraphs of Lorem Ipsum dummy text
\c@lips@count=\count151
)
(/usr/share/texlive/texmf-dist/tex/latex/blindtext/blindtext.sty
Package: blindtext 2012/01/06 V2.0 blindtext-Package

(/usr/share/texlive/texmf-dist/tex/latex/tools/xspace.sty
Package: xspace 2014/10/28 v1.13 Space after command names (DPC,MH)
)
\c@blindtext=\count152
\c@Blindtext=\count153
\c@blind@countparstart=\count154
\blind@countxx=\count155
\blindtext@numBlindtext=\count156
\blind@countyy=\count157
\c@blindlist=\count158
\c@blindlistlevel=\count159
\c@blindlist@level=\count160
\blind@listitem=\count161
\c@blind@listcount=\count162
\c@blind@levelcount=\count163
\blind@mathformula=\count164
\blind@Mathformula=\count165
\c@blind@randomcount=\count166
\c@blind@randommax=\count167
\c@blind@pangramcount=\count168
\c@blind@pangrammax=\count169
))
(/usr/share/texlive/texmf-dist/tex/latex/fancyhdr/fancyhdr.sty
Package: fancyhdr 2017/06/30 v3.9a Extensive control of page headers and footer
s
\f@nch@headwidth=\skip52
\f@nch@O@elh=\skip53
\f@nch@O@erh=\skip54
\f@nch@O@olh=\skip55
\f@nch@O@orh=\skip56
\f@nch@O@elf=\skip57
\f@nch@O@erf=\skip58
\f@nch@O@olf=\skip59
\f@nch@O@orf=\skip60
)
(/usr/share/texlive/texmf-dist/tex/latex/totcount/totcount.sty
Package: totcount 2011/01/25 v1.2 package for gettingthe total value of LaTeX c
ounters
)
\c@taskCounter=\count170
\c@taskCounter@totc=\count171
\c@pointCounter=\count172
\c@pointCounter@totc=\count173
)
(build/main.aux)
\openout1 = `main.aux'.

LaTeX Font Info:    Checking defaults for OML/cmm/m/it on input line 34.
LaTeX Font Info:    ... okay on input line 34.
LaTeX Font Info:    Checking defaults for T1/cmr/m/n on input line 34.
LaTeX Font Info:    ... okay on input line 34.
LaTeX Font Info:    Checking defaults for OT1/cmr/m/n on input line 34.
LaTeX Font Info:    ... okay on input line 34.
LaTeX Font Info:    Checking defaults for OMS/cmsy/m/n on input line 34.
LaTeX Font Info:    ... okay on input line 34.
LaTeX Font Info:    Checking defaults for OMX/cmex/m/n on input line 34.
LaTeX Font Info:    ... okay on input line 34.
LaTeX Font Info:    Checking defaults for U/cmr/m/n on input line 34.
LaTeX Font Info:    ... okay on input line 34.
LaTeX Font Info:    Checking defaults for PD1/pdf/m/n on input line 34.
LaTeX Font Info:    ... okay on input line 34.

(/usr/share/texlive/texmf-dist/tex/latex/fmtcount/fc-english.def
File: fc-english.def 2016/01/12
)
*geometry* driver: auto-detecting
*geometry* detected driver: pdftex
*geometry* verbose mode - [ preamble ] result:
* driver: pdftex
* paper: a4paper
* layout: <same size as paper>
* layoutoffset:(h,v)=(0.0pt,0.0pt)
* modes: 
* h-part:(L,W,R)=(56.9055pt, 483.69687pt, 56.9055pt)
* v-part:(T,H,B)=(85.35826pt, 674.33032pt, 85.35826pt)
* \paperwidth=597.50787pt
* \paperheight=845.04684pt
* \textwidth=483.69687pt
* \textheight=674.33032pt
* \oddsidemargin=-15.36449pt
* \evensidemargin=-15.36449pt
* \topmargin=-23.91173pt
* \headheight=12.0pt
* \headsep=25.0pt
* \topskip=10.0pt
* \footskip=30.0pt
* \marginparwidth=57.0pt
* \marginparsep=11.0pt
* \columnsep=10.0pt
* \skip\footins=9.0pt plus 4.0pt minus 2.0pt
* \hoffset=0.0pt
* \voffset=0.0pt
* \mag=1000
* \@twocolumnfalse
* \@twosidefalse
* \@mparswitchfalse
* \@reversemarginfalse
* (1in=72.27pt=25.4mm, 1cm=28.453pt)

\AtBeginShipoutBox=\box32
Package hyperref Info: Link coloring OFF on input line 34.
(/usr/share/texlive/texmf-dist/tex/latex/hyperref/nameref.sty
Package: nameref 2016/05/21 v2.44 Cross-referencing by name of section

(/usr/share/texlive/texmf-dist/tex/generic/oberdiek/gettitlestring.sty
Package: gettitlestring 2016/05/16 v1.5 Cleanup title references (HO)
)
\c@section@level=\count174
)
LaTeX Info: Redefining \ref on input line 34.
LaTeX Info: Redefining \pageref on input line 34.
LaTeX Info: Redefining \nameref on input line 34.

(build/main.out) (build/main.out)
\@outlinefile=\write3
\openout3 = `main.out'.


(/usr/share/texlive/texmf-dist/tex/context/base/mkii/supp-pdf.mkii
[Loading MPS to PDF converter (version 2006.09.02).]
\scratchcounter=\count175
\scratchdimen=\dimen140
\scratchbox=\box33
\nofMPsegments=\count176
\nofMParguments=\count177
\everyMPshowfont=\toks36
\MPscratchCnt=\count178
\MPscratchDim=\dimen141
\MPnumerator=\count179
\makeMPintoPDFobject=\count180
\everyMPtoPDFconversion=\toks37
) (/usr/share/texlive/texmf-dist/tex/latex/oberdiek/epstopdf-base.sty
Package: epstopdf-base 2016/05/15 v2.6 Base part for package epstopdf

(/usr/share/texlive/texmf-dist/tex/latex/oberdiek/grfext.sty
Package: grfext 2016/05/16 v1.2 Manage graphics extensions (HO)
)
Package epstopdf-base Info: Redefining graphics rule for `.eps' on input line 4
38.
Package grfext Info: Graphics extension search list:
(grfext)             [.pdf,.png,.jpg,.mps,.jpeg,.jbig2,.jb2,.PDF,.PNG,.JPG,.JPE
G,.JBIG2,.JB2,.eps]
(grfext)             \AppendGraphicsExtensions on input line 456.

(/usr/share/texlive/texmf-dist/tex/latex/latexconfig/epstopdf-sys.cfg
File: epstopdf-sys.cfg 2010/07/13 v1.3 Configuration of (r)epstopdf for TeX Liv
e
))
Package caption Info: Begin \AtBeginDocument code.
Package caption Info: End \AtBeginDocument code.
LaTeX Font Info:    Try loading font information for U+msa on input line 36.

(/usr/share/texlive/texmf-dist/tex/latex/amsfonts/umsa.fd
File: umsa.fd 2013/01/14 v3.01 AMS symbols A
)
LaTeX Font Info:    Try loading font information for U+msb on input line 36.

(/usr/share/texlive/texmf-dist/tex/latex/amsfonts/umsb.fd
File: umsb.fd 2013/01/14 v3.01 AMS symbols B
) [1{/var/lib/texmf/fonts/map/pdftex/updmap/pdftex.map}

]
<../plots/task1/PCA_1.png, id=14, 462.528pt x 346.896pt>
File: ../plots/task1/PCA_1.png Graphic file (type png)
<use ../plots/task1/PCA_1.png>
Package pdftex.def Info: ../plots/task1/PCA_1.png  used on input line 42.
(pdftex.def)             Requested size: 338.58632pt x 253.95184pt.
<../plots/task1/task1_2_firstall.png, id=17, 462.528pt x 346.896pt>
File: ../plots/task1/task1_2_firstall.png Graphic file (type png)
<use ../plots/task1/task1_2_firstall.png>
Package pdftex.def Info: ../plots/task1/task1_2_firstall.png  used on input lin
e 64.
(pdftex.def)             Requested size: 229.75896pt x 172.32011pt.
<../plots/task1/task1_2_first120.png, id=18, 462.528pt x 346.896pt>
File: ../plots/task1/task1_2_first120.png Graphic file (type png)
<use ../plots/task1/task1_2_first120.png>
Package pdftex.def Info: ../plots/task1/task1_2_first120.png  used on input lin
e 72.
(pdftex.def)             Requested size: 229.75896pt x 172.32011pt.
<../plots/task1/task1_2_first50.png, id=19, 462.528pt x 346.896pt>
File: ../plots/task1/task1_2_first50.png Graphic file (type png)
<use ../plots/task1/task1_2_first50.png>
Package pdftex.def Info: ../plots/task1/task1_2_first50.png  used on input line
 81.
(pdftex.def)             Requested size: 229.75896pt x 172.32011pt.
<../plots/task1/task1_2_first10.png, id=20, 462.528pt x 346.896pt>
File: ../plots/task1/task1_2_first10.png Graphic file (type png)
<use ../plots/task1/task1_2_first10.png>
Package pdftex.def Info: ../plots/task1/task1_2_first10.png  used on input line
 89.
(pdftex.def)             Requested size: 229.75896pt x 172.32011pt.
 [2 <../plots/task1/PCA_1.png>]
<../plots/task1/task1_3.png, id=29, 462.528pt x 346.896pt>
File: ../plots/task1/task1_3.png Graphic file (type png)
<use ../plots/task1/task1_3.png>
Package pdftex.def Info: ../plots/task1/task1_3.png  used on input line 102.
(pdftex.def)             Requested size: 338.58632pt x 253.95184pt.
 [3 <../plots/task1/task1_2_firstall.png> <../plots/task1/task1_2_first120.png>
 <../plots/task1/task1_2_first50.png> <../plots/task1/task1_2_first10.png>]
<../plots/task1/Task1_3reconstructed.png, id=42, 462.528pt x 346.896pt>
File: ../plots/task1/Task1_3reconstructed.png Graphic file (type png)
<use ../plots/task1/Task1_3reconstructed.png>
Package pdftex.def Info: ../plots/task1/Task1_3reconstructed.png  used on input
 line 121.
(pdftex.def)             Requested size: 338.58632pt x 253.95184pt.
 [4 <../plots/task1/task1_3.png>]
Underfull \hbox (badness 10000) in paragraph at lines 127--130

 []

<../plots/task2/task2_1.png, id=52, 630.1944pt x 352.6776pt>
File: ../plots/task2/task2_1.png Graphic file (type png)
<use ../plots/task2/task2_1.png>
Package pdftex.def Info: ../plots/task2/task2_1.png  used on input line 136.
(pdftex.def)             Requested size: 338.58632pt x 189.48517pt.
[5 <../plots/task1/Task1_3reconstructed.png>]
Underfull \hbox (badness 10000) in paragraph at lines 142--144

 []

<../plots/task2/task2_2.png, id=60, 895.4253pt x 477.7047pt>
File: ../plots/task2/task2_2.png Graphic file (type png)
<use ../plots/task2/task2_2.png>
Package pdftex.def Info: ../plots/task2/task2_2.png  used on input line 147.
(pdftex.def)             Requested size: 338.58632pt x 180.63309pt.

Underfull \hbox (badness 10000) in paragraph at lines 152--153

 []


Underfull \hbox (badness 10000) in paragraph at lines 168--170

 []

<../plots/task2/task2_3_eigenfunction1.png, id=64, 462.528pt x 346.896pt>
File: ../plots/task2/task2_3_eigenfunction1.png Graphic file (type png)
<use ../plots/task2/task2_3_eigenfunction1.png>
Package pdftex.def Info: ../plots/task2/task2_3_eigenfunction1.png  used on inp
ut line 175.
(pdftex.def)             Requested size: 229.75896pt x 172.32011pt.
<../plots/task2/task2_3_eigenfunction2.png, id=65, 462.528pt x 346.896pt>
File: ../plots/task2/task2_3_eigenfunction2.png Graphic file (type png)
<use ../plots/task2/task2_3_eigenfunction2.png>
Package pdftex.def Info: ../plots/task2/task2_3_eigenfunction2.png  used on inp
ut line 182.
(pdftex.def)             Requested size: 229.75896pt x 172.32011pt.
<../plots/task2/task2_3_eigenfunction3.png, id=66, 462.528pt x 346.896pt>
File: ../plots/task2/task2_3_eigenfunction3.png Graphic file (type png)
<use ../plots/task2/task2_3_eigenfunction3.png>
Package pdftex.def Info: ../plots/task2/task2_3_eigenfunction3.png  used on inp
ut line 190.
(pdftex.def)             Requested size: 229.75896pt x 172.32011pt.
[6 <../plots/task2/task2_1.png> <../plots/task2/task2_2.png>]
LaTeX Font Info:    Try loading font information for OMS+cmr on input line 204.


(/usr/share/texlive/texmf-dist/tex/latex/base/omscmr.fd
File: omscmr.fd 2014/09/29 v2.5h Standard LaTeX font definitions
)
LaTeX Font Info:    Font shape `OMS/cmr/m/n' in size <10> not available
(Font)              Font shape `OMS/cmsy/m/n' tried instead on input line 204.
 [7 <../plots/task2/task2_3_eigenfunction1.png> <../plots/task2/task2_3_eigenfu
nction2.png> <../plots/task2/task2_3_eigenfunction3.png>]
Overfull \hbox (5.81113pt too wide) in paragraph at lines 272--272
[]|\OT1/cmr/m/n/10 reconstruction[]loss[]scale| 
 []

[8]
<../plots/task3/latent_epoch1_latent2.png, id=100, 462.528pt x 346.896pt>
File: ../plots/task3/latent_epoch1_latent2.png Graphic file (type png)
<use ../plots/task3/latent_epoch1_latent2.png>
Package pdftex.def Info: ../plots/task3/latent_epoch1_latent2.png  used on inpu
t line 307.
(pdftex.def)             Requested size: 111.2482pt x 83.4367pt.
<../plots/task3/latent_epoch5_latent2.png, id=101, 462.528pt x 346.896pt>
File: ../plots/task3/latent_epoch5_latent2.png Graphic file (type png)
<use ../plots/task3/latent_epoch5_latent2.png>
Package pdftex.def Info: ../plots/task3/latent_epoch5_latent2.png  used on inpu
t line 307.
(pdftex.def)             Requested size: 111.2482pt x 83.4367pt.
<../plots/task3/latent_epoch25_latent2.png, id=102, 462.528pt x 346.896pt>
File: ../plots/task3/latent_epoch25_latent2.png Graphic file (type png)
<use ../plots/task3/latent_epoch25_latent2.png>
Package pdftex.def Info: ../plots/task3/latent_epoch25_latent2.png  used on inp
ut line 307.
(pdftex.def)             Requested size: 111.2482pt x 83.4367pt.
<../plots/task3/latent_epoch50_latent2.png, id=103, 462.528pt x 346.896pt>
File: ../plots/task3/latent_epoch50_latent2.png Graphic file (type png)
<use ../plots/task3/latent_epoch50_latent2.png>
Package pdftex.def Info: ../plots/task3/latent_epoch50_latent2.png  used on inp
ut line 307.
(pdftex.def)             Requested size: 111.2482pt x 83.4367pt.
<../plots/task3/real_epochs1_latent2.png, id=104, 361.35pt x 361.35pt>
File: ../plots/task3/real_epochs1_latent2.png Graphic file (type png)
<use ../plots/task3/real_epochs1_latent2.png>
Package pdftex.def Info: ../plots/task3/real_epochs1_latent2.png  used on input
 line 308.
(pdftex.def)             Requested size: 111.2482pt x 111.2454pt.
<../plots/task3/real_epochs5_latent2.png, id=105, 361.35pt x 361.35pt>
File: ../plots/task3/real_epochs5_latent2.png Graphic file (type png)
<use ../plots/task3/real_epochs5_latent2.png>
Package pdftex.def Info: ../plots/task3/real_epochs5_latent2.png  used on input
 line 308.
(pdftex.def)             Requested size: 111.2482pt x 111.2454pt.
<../plots/task3/real_epochs25_latent2.png, id=106, 361.35pt x 361.35pt>
File: ../plots/task3/real_epochs25_latent2.png Graphic file (type png)
<use ../plots/task3/real_epochs25_latent2.png>
Package pdftex.def Info: ../plots/task3/real_epochs25_latent2.png  used on inpu
t line 308.
(pdftex.def)             Requested size: 111.2482pt x 111.2454pt.
<../plots/task3/real_epochs50_latent2.png, id=107, 361.35pt x 361.35pt>
File: ../plots/task3/real_epochs50_latent2.png Graphic file (type png)
<use ../plots/task3/real_epochs50_latent2.png>
Package pdftex.def Info: ../plots/task3/real_epochs50_latent2.png  used on inpu
t line 308.
(pdftex.def)             Requested size: 111.2482pt x 111.2454pt.
<../plots/task3/reconstructed_epochs1_latent2.png, id=108, 361.35pt x 361.35pt>

File: ../plots/task3/reconstructed_epochs1_latent2.png Graphic file (type png)
<use ../plots/task3/reconstructed_epochs1_latent2.png>
Package pdftex.def Info: ../plots/task3/reconstructed_epochs1_latent2.png  used
 on input line 309.
(pdftex.def)             Requested size: 111.2482pt x 111.2454pt.
<../plots/task3/reconstructed_epochs5_latent2.png, id=109, 361.35pt x 361.35pt>

File: ../plots/task3/reconstructed_epochs5_latent2.png Graphic file (type png)
<use ../plots/task3/reconstructed_epochs5_latent2.png>
Package pdftex.def Info: ../plots/task3/reconstructed_epochs5_latent2.png  used
 on input line 309.
(pdftex.def)             Requested size: 111.2482pt x 111.2454pt.
<../plots/task3/reconstructed_epochs25_latent2.png, id=110, 361.35pt x 361.35pt
>
File: ../plots/task3/reconstructed_epochs25_latent2.png Graphic file (type png)

<use ../plots/task3/reconstructed_epochs25_latent2.png>
Package pdftex.def Info: ../plots/task3/reconstructed_epochs25_latent2.png  use
d on input line 309.
(pdftex.def)             Requested size: 111.2482pt x 111.2454pt.
<../plots/task3/reconstructed_epochs50_latent2.png, id=111, 361.35pt x 361.35pt
>
File: ../plots/task3/reconstructed_epochs50_latent2.png Graphic file (type png)

<use ../plots/task3/reconstructed_epochs50_latent2.png>
Package pdftex.def Info: ../plots/task3/reconstructed_epochs50_latent2.png  use
d on input line 309.
(pdftex.def)             Requested size: 111.2482pt x 111.2454pt.
<../plots/task3/generated_epochs1_latent2.png, id=112, 361.35pt x 361.35pt>
File: ../plots/task3/generated_epochs1_latent2.png Graphic file (type png)
<use ../plots/task3/generated_epochs1_latent2.png>
Package pdftex.def Info: ../plots/task3/generated_epochs1_latent2.png  used on 
input line 310.
(pdftex.def)             Requested size: 111.2482pt x 111.2454pt.
<../plots/task3/generated_epochs5_latent2.png, id=113, 361.35pt x 361.35pt>
File: ../plots/task3/generated_epochs5_latent2.png Graphic file (type png)
<use ../plots/task3/generated_epochs5_latent2.png>
Package pdftex.def Info: ../plots/task3/generated_epochs5_latent2.png  used on 
input line 310.
(pdftex.def)             Requested size: 111.2482pt x 111.2454pt.
<../plots/task3/generated_epochs25_latent2.png, id=114, 361.35pt x 361.35pt>
File: ../plots/task3/generated_epochs25_latent2.png Graphic file (type png)
<use ../plots/task3/generated_epochs25_latent2.png>
Package pdftex.def Info: ../plots/task3/generated_epochs25_latent2.png  used on
 input line 310.
(pdftex.def)             Requested size: 111.2482pt x 111.2454pt.
<../plots/task3/generated_epochs50_latent2.png, id=115, 361.35pt x 361.35pt>
File: ../plots/task3/generated_epochs50_latent2.png Graphic file (type png)
<use ../plots/task3/generated_epochs50_latent2.png>
Package pdftex.def Info: ../plots/task3/generated_epochs50_latent2.png  used on
 input line 310.
(pdftex.def)             Requested size: 111.2482pt x 111.2454pt.

Overfull \hbox (9.29593pt too wide) in paragraph at lines 305--312
[][] 
 []

<../plots/task3/loss_elbo_latent2.png, id=117, 462.528pt x 346.896pt>
File: ../plots/task3/loss_elbo_latent2.png Graphic file (type png)
<use ../plots/task3/loss_elbo_latent2.png>
Package pdftex.def Info: ../plots/task3/loss_elbo_latent2.png  used on input li
ne 319.
(pdftex.def)             Requested size: 217.66211pt x 163.24757pt.
[9 <../plots/task3/latent_epoch1_latent2.png> <../plots/task3/latent_epoch5_lat
ent2.png> <../plots/task3/latent_epoch25_latent2.png> <../plots/task3/latent_ep
och50_latent2.png> <../plots/task3/real_epochs1_latent2.png> <../plots/task3/re
al_epochs5_latent2.png> <../plots/task3/real_epochs25_latent2.png> <../plots/ta
sk3/real_epochs50_latent2.png> <../plots/task3/reconstructed_epochs1_latent2.pn
g> <../plots/task3/reconstructed_epochs5_latent2.png> <../plots/task3/reconstru
cted_epochs25_latent2.png> <../plots/task3/reconstructed_epochs50_latent2.png> 
<../plots/task3/generated_epochs1_latent2.png> <../plots/task3/generated_epochs
5_latent2.png> <../plots/task3/generated_epochs25_latent2.png> <../plots/task3/
generated_epochs50_latent2.png>]
<../plots/task3/generated_epochs1_latent32.png, id=146, 361.35pt x 361.35pt>
File: ../plots/task3/generated_epochs1_latent32.png Graphic file (type png)
<use ../plots/task3/generated_epochs1_latent32.png>
Package pdftex.def Info: ../plots/task3/generated_epochs1_latent32.png  used on
 input line 329.
(pdftex.def)             Requested size: 111.2482pt x 111.2454pt.
<../plots/task3/generated_epochs5_latent32.png, id=147, 361.35pt x 361.35pt>
File: ../plots/task3/generated_epochs5_latent32.png Graphic file (type png)
<use ../plots/task3/generated_epochs5_latent32.png>
Package pdftex.def Info: ../plots/task3/generated_epochs5_latent32.png  used on
 input line 329.
(pdftex.def)             Requested size: 111.2482pt x 111.2454pt.
<../plots/task3/generated_epochs25_latent32.png, id=148, 361.35pt x 361.35pt>
File: ../plots/task3/generated_epochs25_latent32.png Graphic file (type png)
<use ../plots/task3/generated_epochs25_latent32.png>
Package pdftex.def Info: ../plots/task3/generated_epochs25_latent32.png  used o
n input line 329.
(pdftex.def)             Requested size: 111.2482pt x 111.2454pt.
<../plots/task3/generated_epochs50_latent32.png, id=149, 361.35pt x 361.35pt>
File: ../plots/task3/generated_epochs50_latent32.png Graphic file (type png)
<use ../plots/task3/generated_epochs50_latent32.png>
Package pdftex.def Info: ../plots/task3/generated_epochs50_latent32.png  used o
n input line 329.
(pdftex.def)             Requested size: 111.2482pt x 111.2454pt.

Overfull \hbox (9.29593pt too wide) in paragraph at lines 327--331
[][] 
 []

<../plots/task3/reconstructed_epochs1_latent32.png, id=150, 361.35pt x 361.35pt
>
File: ../plots/task3/reconstructed_epochs1_latent32.png Graphic file (type png)

<use ../plots/task3/reconstructed_epochs1_latent32.png>
Package pdftex.def Info: ../plots/task3/reconstructed_epochs1_latent32.png  use
d on input line 338.
(pdftex.def)             Requested size: 111.2482pt x 111.2454pt.
<../plots/task3/reconstructed_epochs5_latent32.png, id=151, 361.35pt x 361.35pt
>
File: ../plots/task3/reconstructed_epochs5_latent32.png Graphic file (type png)

<use ../plots/task3/reconstructed_epochs5_latent32.png>
Package pdftex.def Info: ../plots/task3/reconstructed_epochs5_latent32.png  use
d on input line 338.
(pdftex.def)             Requested size: 111.2482pt x 111.2454pt.
<../plots/task3/reconstructed_epochs25_latent32.png, id=152, 361.35pt x 361.35p
t>
File: ../plots/task3/reconstructed_epochs25_latent32.png Graphic file (type png
)
<use ../plots/task3/reconstructed_epochs25_latent32.png>
Package pdftex.def Info: ../plots/task3/reconstructed_epochs25_latent32.png  us
ed on input line 338.
(pdftex.def)             Requested size: 111.2482pt x 111.2454pt.
<../plots/task3/reconstructed_epochs50_latent32.png, id=153, 361.35pt x 361.35p
t>
File: ../plots/task3/reconstructed_epochs50_latent32.png Graphic file (type png
)
<use ../plots/task3/reconstructed_epochs50_latent32.png>
Package pdftex.def Info: ../plots/task3/reconstructed_epochs50_latent32.png  us
ed on input line 338.
(pdftex.def)             Requested size: 111.2482pt x 111.2454pt.

Overfull \hbox (9.29593pt too wide) in paragraph at lines 336--340
[][] 
 []

<../plots/task3/loss_elbo_latent32.png, id=154, 462.528pt x 346.896pt>
File: ../plots/task3/loss_elbo_latent32.png Graphic file (type png)
<use ../plots/task3/loss_elbo_latent32.png>
Package pdftex.def Info: ../plots/task3/loss_elbo_latent32.png  used on input l
ine 346.
(pdftex.def)             Requested size: 217.66211pt x 163.24757pt.
[10 <../plots/task3/loss_elbo_latent2.png> <../plots/task3/generated_epochs1_la
tent32.png> <../plots/task3/generated_epochs5_latent32.png> <../plots/task3/gen
erated_epochs25_latent32.png> <../plots/task3/generated_epochs50_latent32.png> 
<../plots/task3/reconstructed_epochs1_latent32.png> <../plots/task3/reconstruct
ed_epochs5_latent32.png> <../plots/task3/reconstructed_epochs25_latent32.png> <
../plots/task3/reconstructed_epochs50_latent32.png>]
Overfull \hbox (5.81113pt too wide) in paragraph at lines 398--398
[]|\OT1/cmr/m/n/10 reconstruction[]loss[]scale| 
 []

[11 <../plots/task3/loss_elbo_latent32.png>]
<../plots/task4/training_set_scatter.png, id=182, 462.528pt x 346.896pt>
File: ../plots/task4/training_set_scatter.png Graphic file (type png)
<use ../plots/task4/training_set_scatter.png>
Package pdftex.def Info: ../plots/task4/training_set_scatter.png  used on input
 line 409.
(pdftex.def)             Requested size: 217.66211pt x 163.24757pt.
<../plots/task4/test_set_scatter.png, id=183, 462.528pt x 346.896pt>
File: ../plots/task4/test_set_scatter.png Graphic file (type png)
<use ../plots/task4/test_set_scatter.png>
Package pdftex.def Info: ../plots/task4/test_set_scatter.png  used on input lin
e 409.
(pdftex.def)             Requested size: 217.66211pt x 163.24757pt.
<../plots/task4/reconstructed_set_scatter.png, id=186, 462.528pt x 346.896pt>
File: ../plots/task4/reconstructed_set_scatter.png Graphic file (type png)
<use ../plots/task4/reconstructed_set_scatter.png>
Package pdftex.def Info: ../plots/task4/reconstructed_set_scatter.png  used on 
input line 420.
(pdftex.def)             Requested size: 217.66211pt x 163.24757pt.
<../plots/task4/generated_set_scatter.png, id=187, 462.528pt x 346.896pt>
File: ../plots/task4/generated_set_scatter.png Graphic file (type png)
<use ../plots/task4/generated_set_scatter.png>
Package pdftex.def Info: ../plots/task4/generated_set_scatter.png  used on inpu
t line 420.
(pdftex.def)             Requested size: 217.66211pt x 163.24757pt.
 [12 <../plots/task4/training_set_scatter.png> <../plots/task4/test_set_scatter
.png>]
<../plots/task4/sampled_set_scatter.png, id=201, 462.528pt x 346.896pt>
File: ../plots/task4/sampled_set_scatter.png Graphic file (type png)
<use ../plots/task4/sampled_set_scatter.png>
Package pdftex.def Info: ../plots/task4/sampled_set_scatter.png  used on input 
line 428.
(pdftex.def)             Requested size: 217.66211pt x 163.24757pt.
Package atveryend Info: Empty hook `BeforeClearDocument' on input line 432.
 [13 <../plots/task4/reconstructed_set_scatter.png> <../plots/task4/generated_s
et_scatter.png> <../plots/task4/sampled_set_scatter.png>]
Package atveryend Info: Empty hook `AfterLastShipout' on input line 432.
 (build/main.aux)
Package atveryend Info: Executing hook `AtVeryEndDocument' on input line 432.
Package atveryend Info: Executing hook `AtEndAfterFileList' on input line 432.
Package rerunfilecheck Info: File `main.out' has not changed.
(rerunfilecheck)             Checksum: D41D8CD98F00B204E9800998ECF8427E;0.
 ) 
Here is how much of TeX's memory you used:
 9736 strings out of 494468
 148889 string characters out of 6175060
 362535 words of memory out of 5000000
 13159 multiletter control sequences out of 15000+600000
 5946 words of font info for 24 fonts, out of 8000000 for 9000
 81 hyphenation exceptions out of 8191
 61i,12n,94p,1122b,591s stack positions out of 5000i,500n,10000p,200000b,80000s
</usr/share/texlive/texmf-dist/fonts/type1/public/amsfonts/cm/cmbx10.pfb></us
r/share/texlive/texmf-dist/fonts/type1/public/amsfonts/cm/cmmi10.pfb></usr/shar
e/texlive/texmf-dist/fonts/type1/public/amsfonts/cm/cmmi7.pfb></usr/share/texli
ve/texmf-dist/fonts/type1/public/amsfonts/cm/cmr10.pfb></usr/share/texlive/texm
f-dist/fonts/type1/public/amsfonts/cm/cmr7.pfb></usr/share/texlive/texmf-dist/f
onts/type1/public/amsfonts/cm/cmr9.pfb></usr/share/texlive/texmf-dist/fonts/typ
e1/public/amsfonts/cm/cmsy10.pfb></usr/share/texlive/texmf-dist/fonts/type1/pub
lic/amsfonts/symbols/msbm10.pfb>
Output written on build/main.pdf (13 pages, 3467331 bytes).
PDF statistics:
 252 PDF objects out of 1000 (max. 8388607)
 141 compressed objects within 2 object streams
 46 named destinations out of 1000 (max. 500000)
 216 words of extra memory for PDF output out of 10000 (max. 10000000)

